0 info it worked if it ends with ok
1 verbose cli [ '/Users/Roy/.nvm/versions/node/v6.9.0/bin/node',
1 verbose cli   '/Users/Roy/.nvm/versions/node/v6.9.0/bin/npm',
1 verbose cli   'publish' ]
2 info using npm@3.10.8
3 info using node@v6.9.0
4 verbose publish [ '.' ]
5 silly cache add args [ '.', null ]
6 verbose cache add spec .
7 silly cache add parsed spec Result {
7 silly cache add   raw: '.',
7 silly cache add   scope: null,
7 silly cache add   escapedName: null,
7 silly cache add   name: null,
7 silly cache add   rawSpec: '.',
7 silly cache add   spec: '/Users/Roy/project/extension/minxing-devtools-core',
7 silly cache add   type: 'directory' }
8 verbose addLocalDirectory /Users/Roy/.npm/minxing-devtools-core/1.0.0/package.tgz not in flight; packing
9 verbose correctMkdir /Users/Roy/.npm correctMkdir not in flight; initializing
10 info lifecycle minxing-devtools-core@1.0.0~prepublish: minxing-devtools-core@1.0.0
11 silly lifecycle minxing-devtools-core@1.0.0~prepublish: no script for prepublish, continuing
12 verbose tar pack [ '/Users/Roy/.npm/minxing-devtools-core/1.0.0/package.tgz',
12 verbose tar pack   '/Users/Roy/project/extension/minxing-devtools-core' ]
13 verbose tarball /Users/Roy/.npm/minxing-devtools-core/1.0.0/package.tgz
14 verbose folder /Users/Roy/project/extension/minxing-devtools-core
15 verbose addLocalTarball adding from inside cache /Users/Roy/.npm/minxing-devtools-core/1.0.0/package.tgz
16 verbose correctMkdir /Users/Roy/.npm correctMkdir not in flight; initializing
17 silly cache afterAdd minxing-devtools-core@1.0.0
18 verbose afterAdd /Users/Roy/.npm/minxing-devtools-core/1.0.0/package/package.json not in flight; writing
19 verbose correctMkdir /Users/Roy/.npm correctMkdir not in flight; initializing
20 verbose afterAdd /Users/Roy/.npm/minxing-devtools-core/1.0.0/package/package.json written
21 silly publish { name: 'minxing-devtools-core',
21 silly publish   version: '1.0.0',
21 silly publish   description: 'Minxing 开发插件 核心依赖',
21 silly publish   main: './lib/mx.api.js',
21 silly publish   repository:
21 silly publish    { type: 'git',
21 silly publish      url: 'git+https://github.com/dehuinet/minxing-devtools-core.git' },
21 silly publish   keywords: [ 'atom', 'vscode', 'minxing' ],
21 silly publish   author: { name: 'yinhang' },
21 silly publish   license: 'GPL-3.0',
21 silly publish   bugs: { url: 'https://github.com/dehuinet/minxing-devtools-core/issues' },
21 silly publish   homepage: 'https://github.com/dehuinet/minxing-devtools-core#readme',
21 silly publish   dependencies:
21 silly publish    { 'fs-extra': '^0.30.0',
21 silly publish      glob: '^7.1.1',
21 silly publish      prompt: '^1.0.0',
21 silly publish      ws: '^1.1.1',
21 silly publish      archiver: '^2.1.0' },
21 silly publish   readme: '# minxing-tools-core\nMinxing 开发插件 核心依赖\n',
21 silly publish   readmeFilename: 'README.md',
21 silly publish   gitHead: '601bfe573ce5b3838624b34a5b6bc7e1caafbdf3',
21 silly publish   _id: 'minxing-devtools-core@1.0.0',
21 silly publish   scripts: {},
21 silly publish   _shasum: 'e3724e382ee4b7c282d4180c92c6ead4b5e72aa9',
21 silly publish   _from: '.' }
22 verbose getPublishConfig undefined
23 silly mapToRegistry name minxing-devtools-core
24 silly mapToRegistry using default registry
25 silly mapToRegistry registry https://registry.npmjs.org/
26 silly mapToRegistry data Result {
26 silly mapToRegistry   raw: 'minxing-devtools-core',
26 silly mapToRegistry   scope: null,
26 silly mapToRegistry   escapedName: 'minxing-devtools-core',
26 silly mapToRegistry   name: 'minxing-devtools-core',
26 silly mapToRegistry   rawSpec: '',
26 silly mapToRegistry   spec: 'latest',
26 silly mapToRegistry   type: 'tag' }
27 silly mapToRegistry uri https://registry.npmjs.org/minxing-devtools-core
28 verbose publish registryBase https://registry.npmjs.org/
29 silly publish uploading /Users/Roy/.npm/minxing-devtools-core/1.0.0/package.tgz
30 verbose request uri https://registry.npmjs.org/minxing-devtools-core
31 verbose request sending authorization for write operation
32 info attempt registry request try #1 at 16:24:18
33 verbose request using bearer token for auth
34 verbose request id bbc7d52902030871
35 http request PUT https://registry.npmjs.org/minxing-devtools-core
36 http 403 https://registry.npmjs.org/minxing-devtools-core
37 verbose headers { 'content-type': 'application/json',
37 verbose headers   'cache-control': 'max-age=300',
37 verbose headers   'content-length': '91',
37 verbose headers   'accept-ranges': 'bytes',
37 verbose headers   date: 'Wed, 15 Nov 2017 08:24:19 GMT',
37 verbose headers   via: '1.1 varnish',
37 verbose headers   connection: 'keep-alive',
37 verbose headers   'x-served-by': 'cache-nrt6129-NRT',
37 verbose headers   'x-cache': 'MISS',
37 verbose headers   'x-cache-hits': '0',
37 verbose headers   'x-timer': 'S1510734256.230954,VS0,VE3045',
37 verbose headers   vary: 'Accept-Encoding, Accept' }
38 verbose request invalidating /Users/Roy/.npm/registry.npmjs.org/minxing-devtools-core on PUT
39 error publish Failed PUT 403
40 verbose stack Error: You cannot publish over the previously published version 1.0.0. : minxing-devtools-core
40 verbose stack     at makeError (/Users/Roy/.nvm/versions/node/v6.9.0/lib/node_modules/npm/node_modules/npm-registry-client/lib/request.js:302:12)
40 verbose stack     at CachingRegistryClient.<anonymous> (/Users/Roy/.nvm/versions/node/v6.9.0/lib/node_modules/npm/node_modules/npm-registry-client/lib/request.js:290:14)
40 verbose stack     at Request._callback (/Users/Roy/.nvm/versions/node/v6.9.0/lib/node_modules/npm/node_modules/npm-registry-client/lib/request.js:210:14)
40 verbose stack     at Request.self.callback (/Users/Roy/.nvm/versions/node/v6.9.0/lib/node_modules/npm/node_modules/request/request.js:187:22)
40 verbose stack     at emitTwo (events.js:106:13)
40 verbose stack     at Request.emit (events.js:191:7)
40 verbose stack     at Request.<anonymous> (/Users/Roy/.nvm/versions/node/v6.9.0/lib/node_modules/npm/node_modules/request/request.js:1044:10)
40 verbose stack     at emitOne (events.js:96:13)
40 verbose stack     at Request.emit (events.js:188:7)
40 verbose stack     at IncomingMessage.<anonymous> (/Users/Roy/.nvm/versions/node/v6.9.0/lib/node_modules/npm/node_modules/request/request.js:965:12)
41 verbose statusCode 403
42 verbose pkgid minxing-devtools-core
43 verbose cwd /Users/Roy/project/extension/minxing-devtools-core
44 error Darwin 16.7.0
45 error argv "/Users/Roy/.nvm/versions/node/v6.9.0/bin/node" "/Users/Roy/.nvm/versions/node/v6.9.0/bin/npm" "publish"
46 error node v6.9.0
47 error npm  v3.10.8
48 error code E403
49 error You cannot publish over the previously published version 1.0.0. : minxing-devtools-core
50 error If you need help, you may report this error at:
50 error     <https://github.com/npm/npm/issues>
51 verbose exit [ 1, true ]
